C:\USERS\ADLER\DESKTOP\DEMOS\DEMOPLANERV5\DEBUG\DEMO.EXE
C:\USERS\ADLER\DESKTOP\DEMOS\DEMOPLANERV5\DEBUG\DEMO.ILK
C:\USERS\ADLER\DESKTOP\DEMOS\DEMOPLANERV5\DEBUG\DEMO.PDB
C:\Users\Adler\Desktop\Demos\DemoPlanerV5\Demo\Debug\cl.command.1.tlog
C:\Users\Adler\Desktop\Demos\DemoPlanerV5\Demo\Debug\CL.read.1.tlog
C:\Users\Adler\Desktop\Demos\DemoPlanerV5\Demo\Debug\CL.write.1.tlog
C:\Users\Adler\Desktop\Demos\DemoPlanerV5\Demo\Debug\Demo.vcxprojResolveAssemblyReference.cache
C:\Users\Adler\Desktop\Demos\DemoPlanerV5\Demo\Debug\Demo.write.1.tlog
C:\Users\Adler\Desktop\Demos\DemoPlanerV5\Demo\Debug\link.10224.read.1.tlog
C:\Users\Adler\Desktop\Demos\DemoPlanerV5\Demo\Debug\link.10224.write.1.tlog
C:\Users\Adler\Desktop\Demos\DemoPlanerV5\Demo\Debug\link.10460.read.1.tlog
C:\Users\Adler\Desktop\Demos\DemoPlanerV5\Demo\Debug\link.10460.write.1.tlog
C:\Users\Adler\Desktop\Demos\DemoPlanerV5\Demo\Debug\link.11944.read.1.tlog
C:\Users\Adler\Desktop\Demos\DemoPlanerV5\Demo\Debug\link.11944.write.1.tlog
C:\Users\Adler\Desktop\Demos\DemoPlanerV5\Demo\Debug\link.4620.read.1.tlog
C:\Users\Adler\Desktop\Demos\DemoPlanerV5\Demo\Debug\link.4620.write.1.tlog
C:\Users\Adler\Desktop\Demos\DemoPlanerV5\Demo\Debug\link.5576.read.1.tlog
C:\Users\Adler\Desktop\Demos\DemoPlanerV5\Demo\Debug\link.5576.write.1.tlog
C:\Users\Adler\Desktop\Demos\DemoPlanerV5\Demo\Debug\link.6572.read.1.tlog
C:\Users\Adler\Desktop\Demos\DemoPlanerV5\Demo\Debug\link.6572.write.1.tlog
C:\Users\Adler\Desktop\Demos\DemoPlanerV5\Demo\Debug\link.7004.read.1.tlog
C:\Users\Adler\Desktop\Demos\DemoPlanerV5\Demo\Debug\link.7004.write.1.tlog
C:\Users\Adler\Desktop\Demos\DemoPlanerV5\Demo\Debug\link.9764.read.1.tlog
C:\Users\Adler\Desktop\Demos\DemoPlanerV5\Demo\Debug\link.9764.write.1.tlog
C:\Users\Adler\Desktop\Demos\DemoPlanerV5\Demo\Debug\link.command.1.tlog
C:\Users\Adler\Desktop\Demos\DemoPlanerV5\Demo\Debug\link.read.1.tlog
C:\Users\Adler\Desktop\Demos\DemoPlanerV5\Demo\Debug\link.write.1.tlog
C:\USERS\ADLER\DESKTOP\DEMOS\DEMOPLANERV5\DEMO\DEBUG\MAIN.OBJ
C:\Users\Adler\Desktop\Demos\DemoPlanerV5\Demo\Debug\vc100.idb
C:\USERS\ADLER\DESKTOP\DEMOS\DEMOPLANERV5\DEMO\DEBUG\VC100.PDB
