  main_2016_03_29.cpp
  Создание кода
  Создание кода завершено
  Sgon.vcxproj -> C:\Users\Adler\Desktop\V2\Release\Sgon.exe

Итоги по проекту:
    28448 мс вызовов   1 C:\Users\Adler\Desktop\V2\Sgon\Sgon.vcxproj
              28448 мс вызовов   1 Build                                   

Итоги по целям:
        0 мс вызовов   1 AfterBuild                              
        0 мс вызовов   1 ComputeCLCompileGeneratedXDCFiles       
        0 мс вызовов   1 ComputeManifestGeneratedLinkerInputs    
        0 мс вызовов   1 ResolveReferences                       
        0 мс вызовов   1 SelectClCompile                         
        0 мс вызовов   1 GetCopyToOutputDirectoryXamlAppDefs     
        0 мс вызовов   1 _CheckForCompileOutputs                 
        0 мс вызовов   1 GetResolvedWinMD                        
        0 мс вызовов   1 _Manifest                               
        0 мс вызовов   1 AfterBuildGenerateSources               
        0 мс вызовов   1 _SelectedFiles                          
        0 мс вызовов   1 _Midl                                   
        0 мс вызовов   1 SelectCustomBuild                       
        0 мс вызовов   1 _ClCompile                              
        0 мс вызовов   1 CreateCustomManifestResourceNames       
        0 мс вызовов   1 BeforeLink                              
        0 мс вызовов   1 ComputeCLInputPDBName                   
        0 мс вызовов   1 AfterBuildCompileEvent                  
        0 мс вызовов   1 _BuildLinkAction                        
        0 мс вызовов   1 PostBuildEvent                          
        0 мс вызовов   1 MakeDirsForCl                           
        0 мс вызовов   1 BuildCompileTraverse                    
        0 мс вызовов   1 ExpandSDKReferences                     
        0 мс вызовов   1 BuildGenerateSources                    
        0 мс вызовов   1 _CopySourceItemsToOutputDirectory       
        0 мс вызовов   1 ComputeLinkImportLibraryOutputsForClean 
        0 мс вызовов   1 GetFrameworkPaths                       
        0 мс вызовов   1 AfterResourceCompile                    
        0 мс вызовов   1 _Xsd                                    
        0 мс вызовов   1 ComputeCustomBuildOutput                
        0 мс вызовов   1 _GenerateSatelliteAssemblyInputs        
        0 мс вызовов   1 MakeDirsForResourceCompile              
        0 мс вызовов   1 _ResourceCompile                        
        0 мс вызовов   1 ComputeLinkInputsFromProject            
        0 мс вызовов   1 Build                                   
        0 мс вызовов   1 _Link                                   
        0 мс вызовов   1 BuildLinkTraverse                       
        0 мс вызовов   1 ComputeManifestInputsTargets            
        0 мс вызовов   1 ComputeRCOutputs                        
        0 мс вызовов   1 _XdcMake                                
        0 мс вызовов   1 CreateSatelliteAssemblies               
        0 мс вызовов   1 CopyFilesToOutputDirectory              
        0 мс вызовов   1 BeforeResourceCompile                   
        0 мс вызовов   1 AfterMidl                               
        0 мс вызовов   1 ComputeMIDLGeneratedCompileInputs       
        0 мс вызовов   1 _Deploy                                 
        0 мс вызовов   1 AfterBuildGenerateSourcesEvent          
        0 мс вызовов   1 BeforeClCompile                         
        0 мс вызовов   1 AfterResolveReferences                  
        0 мс вызовов   1 PreLinkEvent                            
        0 мс вызовов   1 DoLinkOutputFilesMatch                  
        0 мс вызовов   1 ComputeReferenceCLInput                 
        0 мс вызовов   1 PrepareForRun                           
        0 мс вызовов   1 MakeDirsForMidl                         
        0 мс вызовов   1 PrepareResourceNames                    
        0 мс вызовов   1 _BscMake                                
        0 мс вызовов   1 _BuildGenerateSourcesAction             
        0 мс вызовов   1 BuildLink                               
        0 мс вызовов   1 ComputeCLCompileGeneratedSbrFiles       
        0 мс вызовов   1 ResolveSDKReferences                    
        0 мс вызовов   1 _ALink                                  
        0 мс вызовов   1 ComputeCLGeneratedLinkInputs            
        0 мс вызовов   1 _SplitProjectReferencesByFileExistence  
        0 мс вызовов   1 BuildGenerateSourcesTraverse            
        0 мс вызовов   1 _Appverifier                            
        0 мс вызовов   1 AfterLink                               
        0 мс вызовов   1 BeforeResolveReferences                 
        0 мс вызовов   1 ComputeRCGeneratedLinkInputs            
        0 мс вызовов   1 BuildCompile                            
        0 мс вызовов   1 AfterClCompile                          
        0 мс вызовов   1 _BuildCompileAction                     
        0 мс вызовов   1 GetInstalledSDKLocations                
        0 мс вызовов   1 MakeDirsForXdcMake                      
        0 мс вызовов   1 _PrepareForReferenceResolution          
        0 мс вызовов   1 BeforeBuildGenerateSources              
        0 мс вызовов   1 ResolvedXDCMake                         
        1 мс вызовов   1 ResolveAssemblyReferences               
        1 мс вызовов   1 SplitResourcesByCulture                 
        1 мс вызовов   1 WarnCompileDuplicatedFilename           
        1 мс вызовов   1 PreBuildEvent                           
        1 мс вызовов   1 ComputeCLOutputs                        
        1 мс вызовов   1 GetReferenceAssemblyPaths               
        1 мс вызовов   1 MakeDirsForBscMake                      
        1 мс вызовов   1 PlatformPrepareForBuild                 
        1 мс вызовов   1 MakeDirsForLink                         
        1 мс вызовов   1 ResolveProjectReferences                
        1 мс вызовов   1 _PrepareForBuild                        
        1 мс вызовов   1 GetCopyToOutputDirectoryItems           
        2 мс вызовов   1 ComputeLegacyManifestEmbedding          
        2 мс вызовов   1 RegisterOutput                          
        2 мс вызовов   1 AssignProjectConfiguration              
        2 мс вызовов   1 FinalizeBuildStatus                     
        2 мс вызовов   1 AssignTargetPaths                       
        3 мс вызовов   1 PrepareForBuild                         
        3 мс вызовов   1 SetBuildDefaultEnvironmentVariables     
        6 мс вызовов   1 InitializeBuildStatus                   
        9 мс вызовов   1 ComputeLinkSwitches                     
       10 мс вызовов   1 _CheckForInvalidConfigurationAndPlatform
      142 мс вызовов   1 SetCABuildNativeEnvironmentVariables    
    11605 мс вызовов   1 ClCompile                               
    16642 мс вызовов   1 Link                                    
